8.000000000000000000e+00
1.600000000000000000e+01
3.000000000000000000e+01
3.300000000000000000e+01
3.400000000000000000e+01
3.500000000000000000e+01
5.100000000000000000e+01
6.000000000000000000e+01
6.100000000000000000e+01
6.200000000000000000e+01
6.300000000000000000e+01
8.000000000000000000e+01
8.600000000000000000e+01
9.000000000000000000e+01
9.200000000000000000e+01
1.040000000000000000e+02
1.050000000000000000e+02
1.150000000000000000e+02
1.180000000000000000e+02
1.260000000000000000e+02
1.280000000000000000e+02
1.440000000000000000e+02
1.530000000000000000e+02
1.640000000000000000e+02
1.670000000000000000e+02
1.710000000000000000e+02
1.750000000000000000e+02
1.820000000000000000e+02
1.850000000000000000e+02
1.860000000000000000e+02
1.910000000000000000e+02
1.950000000000000000e+02
2.400000000000000000e+02
2.520000000000000000e+02
2.820000000000000000e+02
2.870000000000000000e+02
