2.000000000000000000e+00
5.000000000000000000e+00
7.000000000000000000e+00
1.000000000000000000e+01
1.300000000000000000e+01
1.500000000000000000e+01
2.100000000000000000e+01
2.400000000000000000e+01
3.000000000000000000e+01
3.200000000000000000e+01
4.100000000000000000e+01
4.200000000000000000e+01
5.000000000000000000e+01
6.100000000000000000e+01
7.500000000000000000e+01
7.600000000000000000e+01
8.800000000000000000e+01
1.010000000000000000e+02
1.070000000000000000e+02
1.120000000000000000e+02
1.140000000000000000e+02
1.160000000000000000e+02
1.250000000000000000e+02
1.290000000000000000e+02
1.330000000000000000e+02
1.460000000000000000e+02
1.510000000000000000e+02
1.540000000000000000e+02
1.700000000000000000e+02
1.710000000000000000e+02
1.720000000000000000e+02
1.870000000000000000e+02
1.950000000000000000e+02
1.990000000000000000e+02
2.010000000000000000e+02
2.170000000000000000e+02
2.270000000000000000e+02
2.370000000000000000e+02
2.440000000000000000e+02
2.500000000000000000e+02
2.550000000000000000e+02
2.620000000000000000e+02
2.670000000000000000e+02
2.770000000000000000e+02
2.910000000000000000e+02
3.000000000000000000e+02
3.030000000000000000e+02
3.100000000000000000e+02
3.480000000000000000e+02
3.760000000000000000e+02
3.770000000000000000e+02
3.910000000000000000e+02
3.930000000000000000e+02
4.030000000000000000e+02
4.040000000000000000e+02
4.050000000000000000e+02
4.110000000000000000e+02
4.320000000000000000e+02
4.470000000000000000e+02
4.500000000000000000e+02
4.710000000000000000e+02
4.720000000000000000e+02
4.790000000000000000e+02
5.060000000000000000e+02
5.090000000000000000e+02
5.120000000000000000e+02
5.160000000000000000e+02
5.320000000000000000e+02
5.360000000000000000e+02
5.390000000000000000e+02
5.500000000000000000e+02
5.560000000000000000e+02
5.570000000000000000e+02
5.630000000000000000e+02
5.650000000000000000e+02
5.680000000000000000e+02
5.740000000000000000e+02
5.810000000000000000e+02
5.850000000000000000e+02
5.860000000000000000e+02
6.030000000000000000e+02
6.080000000000000000e+02
6.390000000000000000e+02
6.420000000000000000e+02
6.590000000000000000e+02
