4.000000000000000000e+00
6.000000000000000000e+00
1.200000000000000000e+01
1.800000000000000000e+01
2.300000000000000000e+01
4.100000000000000000e+01
6.300000000000000000e+01
6.600000000000000000e+01
8.900000000000000000e+01
9.200000000000000000e+01
1.020000000000000000e+02
1.030000000000000000e+02
1.190000000000000000e+02
1.200000000000000000e+02
1.210000000000000000e+02
1.280000000000000000e+02
1.390000000000000000e+02
1.590000000000000000e+02
1.610000000000000000e+02
1.680000000000000000e+02
1.700000000000000000e+02
1.710000000000000000e+02
1.860000000000000000e+02
1.880000000000000000e+02
1.950000000000000000e+02
1.990000000000000000e+02
2.030000000000000000e+02
2.240000000000000000e+02
2.480000000000000000e+02
2.710000000000000000e+02
2.760000000000000000e+02
2.780000000000000000e+02
2.830000000000000000e+02
3.130000000000000000e+02
3.390000000000000000e+02
3.430000000000000000e+02
3.640000000000000000e+02
3.740000000000000000e+02
3.780000000000000000e+02
