2.000000000000000000e+00
3.000000000000000000e+00
2.000000000000000000e+01
2.600000000000000000e+01
3.000000000000000000e+01
3.100000000000000000e+01
3.300000000000000000e+01
3.500000000000000000e+01
3.600000000000000000e+01
4.600000000000000000e+01
4.700000000000000000e+01
4.900000000000000000e+01
5.100000000000000000e+01
5.400000000000000000e+01
5.600000000000000000e+01
5.700000000000000000e+01
6.300000000000000000e+01
6.500000000000000000e+01
6.800000000000000000e+01
6.900000000000000000e+01
7.000000000000000000e+01
7.100000000000000000e+01
7.300000000000000000e+01
7.500000000000000000e+01
7.600000000000000000e+01
7.700000000000000000e+01
8.100000000000000000e+01
8.200000000000000000e+01
8.800000000000000000e+01
9.000000000000000000e+01
9.500000000000000000e+01
9.600000000000000000e+01
9.800000000000000000e+01
1.100000000000000000e+02
1.140000000000000000e+02
1.170000000000000000e+02
1.230000000000000000e+02
1.240000000000000000e+02
1.260000000000000000e+02
1.290000000000000000e+02
1.340000000000000000e+02
1.560000000000000000e+02
1.580000000000000000e+02
1.670000000000000000e+02
1.680000000000000000e+02
1.760000000000000000e+02
1.800000000000000000e+02
1.820000000000000000e+02
1.890000000000000000e+02
1.930000000000000000e+02
1.960000000000000000e+02
1.980000000000000000e+02
1.990000000000000000e+02
2.000000000000000000e+02
2.010000000000000000e+02
2.020000000000000000e+02
2.040000000000000000e+02
2.080000000000000000e+02
2.140000000000000000e+02
2.300000000000000000e+02
2.390000000000000000e+02
2.400000000000000000e+02
2.470000000000000000e+02
2.540000000000000000e+02
2.660000000000000000e+02
2.720000000000000000e+02
2.780000000000000000e+02
2.820000000000000000e+02
2.870000000000000000e+02
2.880000000000000000e+02
2.900000000000000000e+02
2.930000000000000000e+02
3.010000000000000000e+02
3.040000000000000000e+02
3.070000000000000000e+02
3.160000000000000000e+02
3.270000000000000000e+02
3.280000000000000000e+02
3.320000000000000000e+02
3.390000000000000000e+02
3.490000000000000000e+02
3.500000000000000000e+02
3.520000000000000000e+02
3.550000000000000000e+02
3.560000000000000000e+02
3.570000000000000000e+02
3.580000000000000000e+02
3.620000000000000000e+02
3.680000000000000000e+02
3.780000000000000000e+02
3.850000000000000000e+02
